[debug] [2022-02-15T14:47:33.423Z] ----------------------------------------------------------------------
[debug] [2022-02-15T14:47:33.426Z] Command:       /usr/bin/node /usr/bin/firebase init
[debug] [2022-02-15T14:47:33.426Z] CLI Version:   10.2.0
[debug] [2022-02-15T14:47:33.427Z] Platform:      linux
[debug] [2022-02-15T14:47:33.427Z] Node Version:  v16.14.0
[debug] [2022-02-15T14:47:33.427Z] Time:          Tue Feb 15 2022 11:47:33 GMT-0300 (hora estándar de Argentina)
[debug] [2022-02-15T14:47:33.428Z] ----------------------------------------------------------------------
[debug] 
[debug] [2022-02-15T14:47:33.437Z] > command requires scopes: ["email","openid","https://www.googleapis.com/auth/cloudplatformprojects.readonly","https://www.googleapis.com/auth/firebase","https://www.googleapis.com/auth/cloud-platform"]
[debug] [2022-02-15T14:47:33.437Z] > authorizing via signed-in user (munozmiguelalexis@gmail.com)
[info] 
     ######## #### ########  ######## ########     ###     ######  ########
     ##        ##  ##     ## ##       ##     ##  ##   ##  ##       ##
     ######    ##  ########  ######   ########  #########  ######  ######
     ##        ##  ##    ##  ##       ##     ## ##     ##       ## ##
     ##       #### ##     ## ######## ########  ##     ##  ######  ########

You're about to initialize a Firebase project in this directory:

  /home/alexis/apx/dwf-m8/desafio-modulo-8

[info] 
=== Project Setup
[info] 
[info] First, let's associate this project directory with a Firebase project.
[info] You can create multiple project aliases by running firebase use --add, 
[info] but for now we'll just set up a default project.
[info] 
[debug] [2022-02-15T14:47:39.732Z] >>> [apiv2][query] GET https://firebase.googleapis.com/v1beta1/projects pageSize=100
[debug] [2022-02-15T14:47:40.468Z] <<< [apiv2][status] GET https://firebase.googleapis.com/v1beta1/projects 200
[debug] [2022-02-15T14:47:40.468Z] <<< [apiv2][body] GET https://firebase.googleapis.com/v1beta1/projects [omitted]
[info] i  Using project dwf-m8-5b5c4 (dwf-m8) 
[info] 
=== Hosting Setup
[info] 
[info] Your public directory is the folder (relative to your project directory) that
[info] will contain Hosting assets to be uploaded with firebase deploy. If you
[info] have a build process for your assets, use your build's output directory.
[info] 
[debug] [2022-02-15T15:03:26.023Z] >>> [apiv2][query] GET https://www.gstatic.com/firebasejs/releases.json [none]
[debug] [2022-02-15T15:03:26.378Z] <<< [apiv2][status] GET https://www.gstatic.com/firebasejs/releases.json 200
[debug] [2022-02-15T15:03:26.379Z] <<< [apiv2][body] GET https://www.gstatic.com/firebasejs/releases.json {"current":{"version":"9.6.6","browserURL":"https://www.gstatic.com/firebasejs/9.6.6/firebase.js","packageURL":"https://www.gstatic.com/firebasejs/9.6.6/firebase.tgz"},"live":{"version":"9.6","browserURL":"https://www.gstatic.com/firebasejs/live/9.6/firebase.js","packageURL":"https://www.gstatic.com/firebasejs/live/9.6/firebase.tgz"},"components":{"analytics":"https://www.gstatic.com/firebasejs/9.6.6/firebase-analytics.js","app":"https://www.gstatic.com/firebasejs/9.6.6/firebase-app.js","app-check":"https://www.gstatic.com/firebasejs/9.6.6/firebase-app-check.js","auth":"https://www.gstatic.com/firebasejs/9.6.6/firebase-auth.js","auth/cordova":"https://www.gstatic.com/firebasejs/9.6.6/firebase-auth/cordova.js","auth/react-native":"https://www.gstatic.com/firebasejs/9.6.6/firebase-auth/react-native.js","functions":"https://www.gstatic.com/firebasejs/9.6.6/firebase-functions.js","firestore":"https://www.gstatic.com/firebasejs/9.6.6/firebase-firestore.js","firestore/lite":"https://www.gstatic.com/firebasejs/9.6.6/firebase-firestore/lite.js","storage":"https://www.gstatic.com/firebasejs/9.6.6/firebase-storage.js","performance":"https://www.gstatic.com/firebasejs/9.6.6/firebase-performance.js","remote-config":"https://www.gstatic.com/firebasejs/9.6.6/firebase-remote-config.js","messaging":"https://www.gstatic.com/firebasejs/9.6.6/firebase-messaging.js","messaging/sw":"https://www.gstatic.com/firebasejs/9.6.6/firebase-messaging/sw.js","database":"https://www.gstatic.com/firebasejs/9.6.6/firebase-database.js","firestore.memory":"https://www.gstatic.com/firebasejs/9.6.6/firebase-firestore.memory.js"}}
[info] i  Skipping write of ./index.html 
[info] 
[info] i  Detected a .git folder at /home/alexis/apx/dwf-m8/desafio-modulo-8 
[info] i  Authorizing with GitHub to upload your service account to a GitHub repository's secrets store. 
[info] 
[info] Visit this URL on this device to log in:
[info] https://github.com/login/oauth/authorize?client_id=89cf50f02ac6aaed3484&state=899566508&redirect_uri=http%3A%2F%2Flocalhost%3A9005&scope=read%3Auser%20repo%20public_repo
[info] 
[info] Waiting for authentication...
[debug] [2022-02-15T15:04:32.370Z] >>> HTTP REQUEST POST https://github.com/login/oauth/access_token  
 {"client_id":"89cf50f02ac6aaed3484","client_secret":"3330d14abc895d9a74d5f17cd7a00711fa2c5bf0","code":"b519a00feed8dc5edf7b","redirect_uri":"http://localhost:9005","state":"899566508"}
[debug] [2022-02-15T15:04:32.919Z] <<< HTTP RESPONSE 200 {"server":"GitHub.com","date":"Tue, 15 Feb 2022 15:04:32 GMT","content-type":"application/json; charset=utf-8","transfer-encoding":"chunked","vary":"X-PJAX, X-PJAX-Container, Accept-Encoding, Accept, X-Requested-With","permissions-policy":"interest-cohort=()","etag":"W/\"b294a00f4def68842ff5fc7c4561ddd7\"","cache-control":"max-age=0, private, must-revalidate","strict-transport-security":"max-age=31536000; includeSubdomains; preload","x-frame-options":"deny","x-content-type-options":"nosniff","x-xss-protection":"0","referrer-policy":"origin-when-cross-origin, strict-origin-when-cross-origin","expect-ct":"max-age=2592000, report-uri=\"https://api.github.com/_private/browser/errors\"","content-security-policy":"default-src 'none'; base-uri 'self'; block-all-mixed-content; child-src github.com/assets-cdn/worker/ gist.github.com/assets-cdn/worker/; connect-src 'self' uploads.github.com objects-origin.githubusercontent.com www.githubstatus.com collector.githubapp.com collector.github.com api.github.com github-cloud.s3.amazonaws.com github-production-repository-file-5c1aeb.s3.amazonaws.com github-production-upload-manifest-file-7fdce7.s3.amazonaws.com github-production-user-asset-6210df.s3.amazonaws.com cdn.optimizely.com logx.optimizely.com/v1/events translator.github.com wss://alive.github.com; font-src github.githubassets.com; form-action 'self' github.com gist.github.com objects-origin.githubusercontent.com; frame-ancestors 'none'; frame-src render.githubusercontent.com viewscreen.githubusercontent.com notebooks.githubusercontent.com; img-src 'self' data: github.githubassets.com identicons.github.com collector.githubapp.com collector.github.com github-cloud.s3.amazonaws.com secured-user-images.githubusercontent.com/ *.githubusercontent.com; manifest-src 'self'; media-src github.com user-images.githubusercontent.com/; script-src github.githubassets.com; style-src 'unsafe-inline' github.githubassets.com; worker-src github.com/assets-cdn/worker/ gist.github.com/assets-cdn/worker/","x-github-request-id":"E2D4:13EE:2EC4B5:6136B1:620BC100"}
[debug] [2022-02-15T15:04:32.950Z] >>> [apiv2][query] GET https://api.github.com/user [none]
[debug] [2022-02-15T15:04:33.490Z] <<< [apiv2][status] GET https://api.github.com/user 200
[debug] [2022-02-15T15:04:33.490Z] <<< [apiv2][body] GET https://api.github.com/user {"login":"alexismunoz1","id":77214476,"node_id":"MDQ6VXNlcjc3MjE0NDc2","avatar_url":"https://avatars.githubusercontent.com/u/77214476?v=4","gravatar_id":"","url":"https://api.github.com/users/alexismunoz1","html_url":"https://github.com/alexismunoz1","followers_url":"https://api.github.com/users/alexismunoz1/followers","following_url":"https://api.github.com/users/alexismunoz1/following{/other_user}","gists_url":"https://api.github.com/users/alexismunoz1/gists{/gist_id}","starred_url":"https://api.github.com/users/alexismunoz1/starred{/owner}{/repo}","subscriptions_url":"https://api.github.com/users/alexismunoz1/subscriptions","organizations_url":"https://api.github.com/users/alexismunoz1/orgs","repos_url":"https://api.github.com/users/alexismunoz1/repos","events_url":"https://api.github.com/users/alexismunoz1/events{/privacy}","received_events_url":"https://api.github.com/users/alexismunoz1/received_events","type":"User","site_admin":false,"name":"Alexis Muñoz","company":null,"blog":"","location":"Buenos Aires, Argentina","email":null,"hireable":null,"bio":"Fullstack Dev --\r\nApx-tutores\r\n","twitter_username":null,"public_repos":22,"public_gists":0,"followers":19,"following":26,"created_at":"2021-01-09T23:14:18Z","updated_at":"2022-02-10T19:30:53Z","private_gists":7,"total_private_repos":1,"owned_private_repos":1,"disk_usage":2398,"collaborators":0,"two_factor_authentication":false,"plan":{"name":"free","space":976562499,"collaborators":0,"private_repos":10000}}
[info] 
[info] ✔  Success! Logged into GitHub as alexismunoz1 
[info] 
